<?xml version="1.0" encoding="UTF-8"?>
<testsuite name="backend.backend.BackendApplicationTests" tests="1" skipped="0" failures="0" errors="0" timestamp="2023-08-19T21:31:10" hostname="DESKTOP-8JBHPHR" time="0.38">
  <properties/>
  <testcase name="contextLoads()" classname="backend.backend.BackendApplicationTests" time="0.38"/>
  <system-out><![CDATA[17:31:06.289 [Test worker] INFO org.springframework.test.context.support.AnnotationConfigContextLoaderUtils -- Could not detect default configuration classes for test class [backend.backend.BackendApplicationTests]: BackendApplicationTests does not declare any static, non-private, non-final, nested classes annotated with @Configuration.
17:31:06.364 [Test worker] INFO org.springframework.boot.test.context.SpringBootTestContextBootstrapper -- Found @SpringBootConfiguration backend.backend.BackendApplication for test class backend.backend.BackendApplicationTests

  .   ____          _            __ _ _
 /\\ / ___'_ __ _ _(_)_ __  __ _ \ \ \ \
( ( )\___ | '_ | '_| | '_ \/ _` | \ \ \ \
 \\/  ___)| |_)| | | | | || (_| |  ) ) ) )
  '  |____| .__|_| |_|_| |_\__, | / / / /
 =========|_|==============|___/=/_/_/_/
 :: Spring Boot ::                (v3.1.2)

2023-08-19T17:31:06.672-04:00  INFO 10760 --- [    Test worker] b.backend.BackendApplicationTests        : Starting BackendApplicationTests using Java 17.0.8 with PID 10760 (started by Rafi in C:\Users\Rafi\Documents\GitHub\RoundnetPlayerWebapp\backend)
2023-08-19T17:31:06.673-04:00  INFO 10760 --- [    Test worker] b.backend.BackendApplicationTests        : No active profile set, falling back to 1 default profile: "default"
2023-08-19T17:31:07.025-04:00  INFO 10760 --- [    Test worker] .s.d.r.c.RepositoryConfigurationDelegate : Bootstrapping Spring Data JPA repositories in DEFAULT mode.
2023-08-19T17:31:07.068-04:00  INFO 10760 --- [    Test worker] .s.d.r.c.RepositoryConfigurationDelegate : Finished Spring Data repository scanning in 37 ms. Found 5 JPA repository interfaces.
2023-08-19T17:31:07.489-04:00  INFO 10760 --- [    Test worker] com.zaxxer.hikari.HikariDataSource       : HikariPool-1 - Starting...
2023-08-19T17:31:08.458-04:00  INFO 10760 --- [    Test worker] com.zaxxer.hikari.pool.HikariPool        : HikariPool-1 - Added connection org.postgresql.jdbc.PgConnection@7ed49a7f
2023-08-19T17:31:08.459-04:00  INFO 10760 --- [    Test worker] com.zaxxer.hikari.HikariDataSource       : HikariPool-1 - Start completed.
2023-08-19T17:31:08.492-04:00  INFO 10760 --- [    Test worker] o.hibernate.jpa.internal.util.LogHelper  : HHH000204: Processing PersistenceUnitInfo [name: default]
2023-08-19T17:31:08.540-04:00  INFO 10760 --- [    Test worker] org.hibernate.Version                    : HHH000412: Hibernate ORM core version 6.2.6.Final
2023-08-19T17:31:08.542-04:00  INFO 10760 --- [    Test worker] org.hibernate.cfg.Environment            : HHH000406: Using bytecode reflection optimizer
2023-08-19T17:31:08.660-04:00  INFO 10760 --- [    Test worker] o.h.b.i.BytecodeProviderInitiator        : HHH000021: Bytecode provider name : bytebuddy
2023-08-19T17:31:08.777-04:00  INFO 10760 --- [    Test worker] o.s.o.j.p.SpringPersistenceUnitInfo      : No LoadTimeWeaver setup: ignoring JPA class transformer
2023-08-19T17:31:09.254-04:00  INFO 10760 --- [    Test worker] o.h.b.i.BytecodeProviderInitiator        : HHH000021: Bytecode provider name : bytebuddy
2023-08-19T17:31:09.789-04:00  INFO 10760 --- [    Test worker] o.h.e.t.j.p.i.JtaPlatformInitiator       : HHH000490: Using JtaPlatform implementation: [org.hibernate.engine.transaction.jta.platform.internal.NoJtaPlatform]
2023-08-19T17:31:09.792-04:00  INFO 10760 --- [    Test worker] j.LocalContainerEntityManagerFactoryBean : Initialized JPA EntityManagerFactory for persistence unit 'default'
2023-08-19T17:31:09.985-04:00  INFO 10760 --- [    Test worker] o.s.d.j.r.query.QueryEnhancerFactory     : Hibernate is in classpath; If applicable, HQL parser will be used.
2023-08-19T17:31:10.473-04:00  WARN 10760 --- [    Test worker] JpaBaseConfiguration$JpaWebConfiguration : spring.jpa.open-in-view is enabled by default. Therefore, database queries may be performed during view rendering. Explicitly configure spring.jpa.open-in-view to disable this warning
2023-08-19T17:31:10.727-04:00  INFO 10760 --- [    Test worker] b.backend.BackendApplicationTests        : Started BackendApplicationTests in 4.238 seconds (process running for 5.095)
]]></system-out>
  <system-err><![CDATA[]]></system-err>
</testsuite>
